Arguments: 
  C:\Program Files\nodejs\node.exe C:\Users\victo\AppData\Roaming\npm\node_modules\yarn\bin\yarn.js add prisma typescript ts-node @types/node --save-dev

PATH: 
  C:\Windows\system32;C:\Windows;C:\Windows\System32\Wbem;C:\Windows\System32\WindowsPowerShell\v1.0\;C:\Windows\System32\OpenSSH\;C:\Program Files\Git\cmd;C:\Program Files (x86)\ZeroTier\One\;C:\Program Files\nodejs\;C:\Program Files\PuTTY\;C:\Program Files\NVIDIA Corporation\NVIDIA NvDLISR;C:\Users\victo\AppData\Local\Microsoft\WindowsApps;;C:\Users\victo\AppData\Local\Programs\Microsoft VS Code\bin;C:\Users\victo\AppData\Roaming\npm;C:\Program Files\heroku\bin

Yarn version: 
  1.22.18

Node version: 
  16.14.0

Platform: 
  win32 x64

Trace: 
  SyntaxError: C:\Users\victo\projetos\todo-app\package.json: Unexpected end of JSON input
      at JSON.parse (<anonymous>)
      at C:\Users\victo\AppData\Roaming\npm\node_modules\yarn\lib\cli.js:1625:59
      at Generator.next (<anonymous>)
      at step (C:\Users\victo\AppData\Roaming\npm\node_modules\yarn\lib\cli.js:310:30)
      at C:\Users\victo\AppData\Roaming\npm\node_modules\yarn\lib\cli.js:321:13

npm manifest: 
  

yarn manifest: 
  No manifest

Lockfile: 
  No lockfile
